<?xml version="1.0" encoding="UTF-8"?>
<testng-results ignored="0" total="1" passed="1" failed="0" skipped="0">
  <reporter-output>
  </reporter-output>
  <suite started-at="2023-12-18T13:23:40 IST" name="Default suite" finished-at="2023-12-18T13:23:43 IST" duration-ms="3155">
    <groups>
    </groups>
    <test started-at="2023-12-18T13:23:40 IST" name="Default test" finished-at="2023-12-18T13:23:43 IST" duration-ms="3155">
      <class name="pathandparam.headettest">
        <test-method signature="TestHeader()[pri:0, instance:pathandparam.headettest@32502377]" started-at="2023-12-18T13:23:40 IST" name="TestHeader" finished-at="2023-12-18T13:23:43 IST" duration-ms="3054" status="PASS">
          <reporter-output>
          </reporter-output>
        </test-method> <!-- TestHeader -->
      </class> <!-- pathandparam.headettest -->
    </test> <!-- Default test -->
  </suite> <!-- Default suite -->
</testng-results>
